## Footprint report - date 2025-12-14T22:25:22+1100
## Created by KiCad version 9.0.5
## Unit = mm, Angle = deg.

$BeginDESCRIPTION

$BOARD
upper_left_corner 55.580000 29.425000
lower_right_corner 150.680000 115.630000
$EndBOARD

$MODULE C1
footprint Capacitor_SMD:C_0201_0603Metric
attribut smd
position 86.750000 101.625000  orientation 90.00
layer front
$PAD ""
Shape Roundrect Layer nocopper
position -0.345000  0.000000  size  0.318000  0.360000  orientation 0.00
drill  0.000000
shape_offset  0.000000  0.000000
$EndPAD
$PAD ""
Shape Roundrect Layer nocopper
position  0.345000  0.000000  size  0.318000  0.360000  orientation 0.00
drill  0.000000
shape_offset  0.000000  0.000000
$EndPAD
$PAD "1"
Shape Roundrect Layer front
position -0.320000  0.000000  size  0.460000  0.400000  orientation 0.00
drill  0.000000
shape_offset  0.000000  0.000000
$EndPAD
$PAD "2"
Shape Roundrect Layer front
position  0.320000  0.000000  size  0.460000  0.400000  orientation 0.00
drill  0.000000
shape_offset  0.000000  0.000000
$EndPAD
$EndMODULE  C1

$MODULE C2
footprint Capacitor_SMD:C_0201_0603Metric
attribut smd
position 88.250000 94.795000  orientation -90.00
layer front
$PAD ""
Shape Roundrect Layer nocopper
position -0.345000  0.000000  size  0.318000  0.360000  orientation 360.00
drill  0.000000
shape_offset  0.000000  0.000000
$EndPAD
$PAD ""
Shape Roundrect Layer nocopper
position  0.345000  0.000000  size  0.318000  0.360000  orientation 360.00
drill  0.000000
shape_offset  0.000000  0.000000
$EndPAD
$PAD "1"
Shape Roundrect Layer front
position -0.320000  0.000000  size  0.460000  0.400000  orientation 360.00
drill  0.000000
shape_offset  0.000000  0.000000
$EndPAD
$PAD "2"
Shape Roundrect Layer front
position  0.320000  0.000000  size  0.460000  0.400000  orientation 360.00
drill  0.000000
shape_offset  0.000000  0.000000
$EndPAD
$EndMODULE  C2

$MODULE C3
footprint Capacitor_SMD:C_0201_0603Metric
attribut smd
position 95.250000 91.650000  orientation 180.00
layer front
$PAD ""
Shape Roundrect Layer nocopper
position -0.345000  0.000000  size  0.318000  0.360000  orientation 0.00
drill  0.000000
shape_offset  0.000000  0.000000
$EndPAD
$PAD ""
Shape Roundrect Layer nocopper
position  0.345000  0.000000  size  0.318000  0.360000  orientation 0.00
drill  0.000000
shape_offset  0.000000  0.000000
$EndPAD
$PAD "1"
Shape Roundrect Layer front
position -0.320000  0.000000  size  0.460000  0.400000  orientation 0.00
drill  0.000000
shape_offset  0.000000  0.000000
$EndPAD
$PAD "2"
Shape Roundrect Layer front
position  0.320000  0.000000  size  0.460000  0.400000  orientation 0.00
drill  0.000000
shape_offset  0.000000  0.000000
$EndPAD
$EndMODULE  C3

$MODULE C4
footprint Capacitor_SMD:C_0201_0603Metric
attribut smd
position 98.550000 90.025000  orientation 0.00
layer front
$PAD ""
Shape Roundrect Layer nocopper
position -0.345000  0.000000  size  0.318000  0.360000  orientation 0.00
drill  0.000000
shape_offset  0.000000  0.000000
$EndPAD
$PAD ""
Shape Roundrect Layer nocopper
position  0.345000  0.000000  size  0.318000  0.360000  orientation 0.00
drill  0.000000
shape_offset  0.000000  0.000000
$EndPAD
$PAD "1"
Shape Roundrect Layer front
position -0.320000  0.000000  size  0.460000  0.400000  orientation 0.00
drill  0.000000
shape_offset  0.000000  0.000000
$EndPAD
$PAD "2"
Shape Roundrect Layer front
position  0.320000  0.000000  size  0.460000  0.400000  orientation 0.00
drill  0.000000
shape_offset  0.000000  0.000000
$EndPAD
$EndMODULE  C4

$MODULE C5
footprint Capacitor_SMD:C_0201_0603Metric
attribut smd
position 104.250000 77.720000  orientation -90.00
layer front
$PAD ""
Shape Roundrect Layer nocopper
position -0.345000  0.000000  size  0.318000  0.360000  orientation 360.00
drill  0.000000
shape_offset  0.000000  0.000000
$EndPAD
$PAD ""
Shape Roundrect Layer nocopper
position  0.345000  0.000000  size  0.318000  0.360000  orientation 360.00
drill  0.000000
shape_offset  0.000000  0.000000
$EndPAD
$PAD "1"
Shape Roundrect Layer front
position -0.320000  0.000000  size  0.460000  0.400000  orientation 360.00
drill  0.000000
shape_offset  0.000000  0.000000
$EndPAD
$PAD "2"
Shape Roundrect Layer front
position  0.320000  0.000000  size  0.460000  0.400000  orientation 360.00
drill  0.000000
shape_offset  0.000000  0.000000
$EndPAD
$EndMODULE  C5

$MODULE C6
footprint Capacitor_SMD:C_0201_0603Metric
attribut smd
position 102.845000 69.500000  orientation 0.00
layer front
$PAD ""
Shape Roundrect Layer nocopper
position -0.345000  0.000000  size  0.318000  0.360000  orientation 0.00
drill  0.000000
shape_offset  0.000000  0.000000
$EndPAD
$PAD ""
Shape Roundrect Layer nocopper
position  0.345000  0.000000  size  0.318000  0.360000  orientation 0.00
drill  0.000000
shape_offset  0.000000  0.000000
$EndPAD
$PAD "1"
Shape Roundrect Layer front
position -0.320000  0.000000  size  0.460000  0.400000  orientation 0.00
drill  0.000000
shape_offset  0.000000  0.000000
$EndPAD
$PAD "2"
Shape Roundrect Layer front
position  0.320000  0.000000  size  0.460000  0.400000  orientation 0.00
drill  0.000000
shape_offset  0.000000  0.000000
$EndPAD
$EndMODULE  C6

$MODULE C7
footprint Capacitor_SMD:C_0201_0603Metric
attribut smd
position 98.000000 68.155000  orientation 90.00
layer front
$PAD ""
Shape Roundrect Layer nocopper
position -0.345000  0.000000  size  0.318000  0.360000  orientation 0.00
drill  0.000000
shape_offset  0.000000  0.000000
$EndPAD
$PAD ""
Shape Roundrect Layer nocopper
position  0.345000  0.000000  size  0.318000  0.360000  orientation 0.00
drill  0.000000
shape_offset  0.000000  0.000000
$EndPAD
$PAD "1"
Shape Roundrect Layer front
position -0.320000  0.000000  size  0.460000  0.400000  orientation 0.00
drill  0.000000
shape_offset  0.000000  0.000000
$EndPAD
$PAD "2"
Shape Roundrect Layer front
position  0.320000  0.000000  size  0.460000  0.400000  orientation 0.00
drill  0.000000
shape_offset  0.000000  0.000000
$EndPAD
$EndMODULE  C7

$MODULE C8
footprint Capacitor_SMD:C_0201_0603Metric
attribut smd
position 98.040000 79.775000  orientation -90.00
layer front
$PAD ""
Shape Roundrect Layer nocopper
position -0.345000  0.000000  size  0.318000  0.360000  orientation 360.00
drill  0.000000
shape_offset  0.000000  0.000000
$EndPAD
$PAD ""
Shape Roundrect Layer nocopper
position  0.345000  0.000000  size  0.318000  0.360000  orientation 360.00
drill  0.000000
shape_offset  0.000000  0.000000
$EndPAD
$PAD "1"
Shape Roundrect Layer front
position -0.320000  0.000000  size  0.460000  0.400000  orientation 360.00
drill  0.000000
shape_offset  0.000000  0.000000
$EndPAD
$PAD "2"
Shape Roundrect Layer front
position  0.320000  0.000000  size  0.460000  0.400000  orientation 360.00
drill  0.000000
shape_offset  0.000000  0.000000
$EndPAD
$EndMODULE  C8

$MODULE C9
footprint Capacitor_SMD:C_0201_0603Metric
attribut smd
position 92.150000 76.625000  orientation -90.00
layer front
$PAD ""
Shape Roundrect Layer nocopper
position -0.345000  0.000000  size  0.318000  0.360000  orientation 360.00
drill  0.000000
shape_offset  0.000000  0.000000
$EndPAD
$PAD ""
Shape Roundrect Layer nocopper
position  0.345000  0.000000  size  0.318000  0.360000  orientation 360.00
drill  0.000000
shape_offset  0.000000  0.000000
$EndPAD
$PAD "1"
Shape Roundrect Layer front
position -0.320000  0.000000  size  0.460000  0.400000  orientation 360.00
drill  0.000000
shape_offset  0.000000  0.000000
$EndPAD
$PAD "2"
Shape Roundrect Layer front
position  0.320000  0.000000  size  0.460000  0.400000  orientation 360.00
drill  0.000000
shape_offset  0.000000  0.000000
$EndPAD
$EndMODULE  C9

$MODULE C10
footprint Capacitor_SMD:C_0201_0603Metric
attribut smd
position 101.839246 78.955935  orientation -90.00
layer front
$PAD ""
Shape Roundrect Layer nocopper
position -0.345000  0.000000  size  0.318000  0.360000  orientation 360.00
drill  0.000000
shape_offset  0.000000  0.000000
$EndPAD
$PAD ""
Shape Roundrect Layer nocopper
position  0.345000  0.000000  size  0.318000  0.360000  orientation 360.00
drill  0.000000
shape_offset  0.000000  0.000000
$EndPAD
$PAD "1"
Shape Roundrect Layer front
position -0.320000  0.000000  size  0.460000  0.400000  orientation 360.00
drill  0.000000
shape_offset  0.000000  0.000000
$EndPAD
$PAD "2"
Shape Roundrect Layer front
position  0.320000  0.000000  size  0.460000  0.400000  orientation 360.00
drill  0.000000
shape_offset  0.000000  0.000000
$EndPAD
$EndMODULE  C10

$MODULE C11
footprint Capacitor_SMD:C_0201_0603Metric
attribut smd
position 103.450000 77.720000  orientation -90.00
layer front
$PAD ""
Shape Roundrect Layer nocopper
position -0.345000  0.000000  size  0.318000  0.360000  orientation 360.00
drill  0.000000
shape_offset  0.000000  0.000000
$EndPAD
$PAD ""
Shape Roundrect Layer nocopper
position  0.345000  0.000000  size  0.318000  0.360000  orientation 360.00
drill  0.000000
shape_offset  0.000000  0.000000
$EndPAD
$PAD "1"
Shape Roundrect Layer front
position -0.320000  0.000000  size  0.460000  0.400000  orientation 360.00
drill  0.000000
shape_offset  0.000000  0.000000
$EndPAD
$PAD "2"
Shape Roundrect Layer front
position  0.320000  0.000000  size  0.460000  0.400000  orientation 360.00
drill  0.000000
shape_offset  0.000000  0.000000
$EndPAD
$EndMODULE  C11

$MODULE C12
footprint Capacitor_SMD:C_0201_0603Metric
attribut smd
position 104.628241 74.595640  orientation 0.00
layer front
$PAD ""
Shape Roundrect Layer nocopper
position -0.345000  0.000000  size  0.318000  0.360000  orientation 0.00
drill  0.000000
shape_offset  0.000000  0.000000
$EndPAD
$PAD ""
Shape Roundrect Layer nocopper
position  0.345000  0.000000  size  0.318000  0.360000  orientation 0.00
drill  0.000000
shape_offset  0.000000  0.000000
$EndPAD
$PAD "1"
Shape Roundrect Layer front
position -0.320000  0.000000  size  0.460000  0.400000  orientation 0.00
drill  0.000000
shape_offset  0.000000  0.000000
$EndPAD
$PAD "2"
Shape Roundrect Layer front
position  0.320000  0.000000  size  0.460000  0.400000  orientation 0.00
drill  0.000000
shape_offset  0.000000  0.000000
$EndPAD
$EndMODULE  C12

$MODULE C13
footprint Capacitor_SMD:C_0201_0603Metric
attribut smd
position 104.945000 76.075000  orientation 0.00
layer front
$PAD ""
Shape Roundrect Layer nocopper
position -0.345000  0.000000  size  0.318000  0.360000  orientation 0.00
drill  0.000000
shape_offset  0.000000  0.000000
$EndPAD
$PAD ""
Shape Roundrect Layer nocopper
position  0.345000  0.000000  size  0.318000  0.360000  orientation 0.00
drill  0.000000
shape_offset  0.000000  0.000000
$EndPAD
$PAD "1"
Shape Roundrect Layer front
position -0.320000  0.000000  size  0.460000  0.400000  orientation 0.00
drill  0.000000
shape_offset  0.000000  0.000000
$EndPAD
$PAD "2"
Shape Roundrect Layer front
position  0.320000  0.000000  size  0.460000  0.400000  orientation 0.00
drill  0.000000
shape_offset  0.000000  0.000000
$EndPAD
$EndMODULE  C13

$MODULE C14
footprint Capacitor_SMD:C_0201_0603Metric
attribut smd
position 92.900000 76.620000  orientation -90.00
layer front
$PAD ""
Shape Roundrect Layer nocopper
position -0.345000  0.000000  size  0.318000  0.360000  orientation 360.00
drill  0.000000
shape_offset  0.000000  0.000000
$EndPAD
$PAD ""
Shape Roundrect Layer nocopper
position  0.345000  0.000000  size  0.318000  0.360000  orientation 360.00
drill  0.000000
shape_offset  0.000000  0.000000
$EndPAD
$PAD "1"
Shape Roundrect Layer front
position -0.320000  0.000000  size  0.460000  0.400000  orientation 360.00
drill  0.000000
shape_offset  0.000000  0.000000
$EndPAD
$PAD "2"
Shape Roundrect Layer front
position  0.320000  0.000000  size  0.460000  0.400000  orientation 360.00
drill  0.000000
shape_offset  0.000000  0.000000
$EndPAD
$EndMODULE  C14

$MODULE C15
footprint Capacitor_SMD:C_0201_0603Metric
attribut smd
position 104.628241 73.846895  orientation 0.00
layer front
$PAD ""
Shape Roundrect Layer nocopper
position -0.345000  0.000000  size  0.318000  0.360000  orientation 0.00
drill  0.000000
shape_offset  0.000000  0.000000
$EndPAD
$PAD ""
Shape Roundrect Layer nocopper
position  0.345000  0.000000  size  0.318000  0.360000  orientation 0.00
drill  0.000000
shape_offset  0.000000  0.000000
$EndPAD
$PAD "1"
Shape Roundrect Layer front
position -0.320000  0.000000  size  0.460000  0.400000  orientation 0.00
drill  0.000000
shape_offset  0.000000  0.000000
$EndPAD
$PAD "2"
Shape Roundrect Layer front
position  0.320000  0.000000  size  0.460000  0.400000  orientation 0.00
drill  0.000000
shape_offset  0.000000  0.000000
$EndPAD
$EndMODULE  C15

$MODULE C16
footprint Capacitor_SMD:C_0201_0603Metric
attribut smd
position 117.625000 74.345000  orientation -90.00
layer front
$PAD ""
Shape Roundrect Layer nocopper
position -0.345000  0.000000  size  0.318000  0.360000  orientation 360.00
drill  0.000000
shape_offset  0.000000  0.000000
$EndPAD
$PAD ""
Shape Roundrect Layer nocopper
position  0.345000  0.000000  size  0.318000  0.360000  orientation 360.00
drill  0.000000
shape_offset  0.000000  0.000000
$EndPAD
$PAD "1"
Shape Roundrect Layer front
position -0.320000  0.000000  size  0.460000  0.400000  orientation 360.00
drill  0.000000
shape_offset  0.000000  0.000000
$EndPAD
$PAD "2"
Shape Roundrect Layer front
position  0.320000  0.000000  size  0.460000  0.400000  orientation 360.00
drill  0.000000
shape_offset  0.000000  0.000000
$EndPAD
$EndMODULE  C16

$MODULE C17
footprint Capacitor_SMD:C_0201_0603Metric
attribut smd
position 94.575000 71.180000  orientation 90.00
layer front
$PAD ""
Shape Roundrect Layer nocopper
position -0.345000  0.000000  size  0.318000  0.360000  orientation 0.00
drill  0.000000
shape_offset  0.000000  0.000000
$EndPAD
$PAD ""
Shape Roundrect Layer nocopper
position  0.345000  0.000000  size  0.318000  0.360000  orientation 0.00
drill  0.000000
shape_offset  0.000000  0.000000
$EndPAD
$PAD "1"
Shape Roundrect Layer front
position -0.320000  0.000000  size  0.460000  0.400000  orientation 0.00
drill  0.000000
shape_offset  0.000000  0.000000
$EndPAD
$PAD "2"
Shape Roundrect Layer front
position  0.320000  0.000000  size  0.460000  0.400000  orientation 0.00
drill  0.000000
shape_offset  0.000000  0.000000
$EndPAD
$EndMODULE  C17

$MODULE C18
footprint Capacitor_SMD:C_0201_0603Metric
attribut smd
position 92.445000 68.700000  orientation 0.00
layer front
$PAD ""
Shape Roundrect Layer nocopper
position -0.345000  0.000000  size  0.318000  0.360000  orientation 0.00
drill  0.000000
shape_offset  0.000000  0.000000
$EndPAD
$PAD ""
Shape Roundrect Layer nocopper
position  0.345000  0.000000  size  0.318000  0.360000  orientation 0.00
drill  0.000000
shape_offset  0.000000  0.000000
$EndPAD
$PAD "1"
Shape Roundrect Layer front
position -0.320000  0.000000  size  0.460000  0.400000  orientation 0.00
drill  0.000000
shape_offset  0.000000  0.000000
$EndPAD
$PAD "2"
Shape Roundrect Layer front
position  0.320000  0.000000  size  0.460000  0.400000  orientation 0.00
drill  0.000000
shape_offset  0.000000  0.000000
$EndPAD
$EndMODULE  C18

$MODULE D1
footprint LED_SMD:LED_0603_1608Metric
attribut smd
position 111.962500 106.170000  orientation 0.00
layer front
$PAD "1"
Shape Roundrect Layer front
position -0.787500  0.000000  size  0.875000  0.950000  orientation 0.00
drill  0.000000
shape_offset  0.000000  0.000000
$EndPAD
$PAD "2"
Shape Roundrect Layer front
position  0.787500  0.000000  size  0.875000  0.950000  orientation 0.00
drill  0.000000
shape_offset  0.000000  0.000000
$EndPAD
$EndMODULE  D1

$MODULE D2
footprint LED_SMD:LED_0603_1608Metric
attribut smd
position 107.212500 106.170000  orientation 0.00
layer front
$PAD "1"
Shape Roundrect Layer front
position -0.787500  0.000000  size  0.875000  0.950000  orientation 0.00
drill  0.000000
shape_offset  0.000000  0.000000
$EndPAD
$PAD "2"
Shape Roundrect Layer front
position  0.787500  0.000000  size  0.875000  0.950000  orientation 0.00
drill  0.000000
shape_offset  0.000000  0.000000
$EndPAD
$EndMODULE  D2

$MODULE G***
footprint imports:rickroll
attribut virtual
position 93.839575 74.539363  orientation 0.00
layer front
$EndMODULE  G***

$MODULE H1
footprint MountingHole:MountingHole_4.3mm_M4
attribut virtual
position 74.930000 106.680000  orientation 0.00
layer front
$PAD ""
Shape Circle Layer both
position  0.000000  0.000000  size  4.300000  4.300000  orientation 0.00
drill  4.300000
shape_offset  0.000000  0.000000
$EndPAD
$EndMODULE  H1

$MODULE H2
footprint MountingHole:MountingHole_4.3mm_M4
attribut virtual
position 140.430000 106.680000  orientation 0.00
layer front
$PAD ""
Shape Circle Layer both
position  0.000000  0.000000  size  4.300000  4.300000  orientation 0.00
drill  4.300000
shape_offset  0.000000  0.000000
$EndPAD
$EndMODULE  H2

$MODULE H3
footprint MountingHole:MountingHole_4.3mm_M4
attribut virtual
position 74.818448 39.300000  orientation 0.00
layer front
$PAD ""
Shape Circle Layer both
position  0.000000  0.000000  size  4.300000  4.300000  orientation 0.00
drill  4.300000
shape_offset  0.000000  0.000000
$EndPAD
$EndMODULE  H3

$MODULE H4
footprint MountingHole:MountingHole_4.3mm_M4
attribut virtual
position 140.325000 39.300000  orientation 0.00
layer front
$PAD ""
Shape Circle Layer both
position  0.000000  0.000000  size  4.300000  4.300000  orientation 0.00
drill  4.300000
shape_offset  0.000000  0.000000
$EndPAD
$EndMODULE  H4

$MODULE J1
footprint imports:TYPE-C-31-M-12
attribut smd
position 99.630000 112.975000  orientation 0.00
layer front
$PAD ""
Shape Circle Layer both
position -2.900000 -3.650000  size  0.650000  0.650000  orientation 0.00
drill  0.650000
shape_offset  0.000000  0.000000
$EndPAD
$PAD ""
Shape Circle Layer both
position  2.900000 -3.650000  size  0.650000  0.650000  orientation 0.00
drill  0.650000
shape_offset  0.000000  0.000000
$EndPAD
$PAD "A1"
Shape Rect Layer front
position -3.300000 -5.100000  size  0.290000  1.300000  orientation 0.00
drill  0.000000
shape_offset  0.000000  0.000000
$EndPAD
$PAD "A4"
Shape Rect Layer front
position -2.500000 -5.100000  size  0.290000  1.350000  orientation 0.00
drill  0.000000
shape_offset  0.000000  0.000000
$EndPAD
$PAD "A5"
Shape Rect Layer front
position -1.250000 -5.100000  size  0.220000  1.350000  orientation 0.00
drill  0.000000
shape_offset  0.000000  0.000000
$EndPAD
$PAD "A6"
Shape Rect Layer front
position -0.250000 -5.100000  size  0.220000  1.350000  orientation 0.00
drill  0.000000
shape_offset  0.000000  0.000000
$EndPAD
$PAD "A7"
Shape Rect Layer front
position  0.250000 -5.100000  size  0.220000  1.350000  orientation 0.00
drill  0.000000
shape_offset  0.000000  0.000000
$EndPAD
$PAD "A8"
Shape Rect Layer front
position  1.250000 -5.100000  size  0.220000  1.350000  orientation 0.00
drill  0.000000
shape_offset  0.000000  0.000000
$EndPAD
$PAD "A9"
Shape Rect Layer front
position  2.500000 -5.100000  size  0.290000  1.350000  orientation 0.00
drill  0.000000
shape_offset  0.000000  0.000000
$EndPAD
$PAD "A12"
Shape Rect Layer front
position  3.300000 -5.100000  size  0.290000  1.350000  orientation 0.00
drill  0.000000
shape_offset  0.000000  0.000000
$EndPAD
$PAD "B1"
Shape Rect Layer front
position  3.050000 -5.100000  size  0.250000  1.350000  orientation 0.00
drill  0.000000
shape_offset  0.000000  0.000000
$EndPAD
$PAD "B4"
Shape Rect Layer front
position  2.250000 -5.100000  size  0.250000  1.350000  orientation 0.00
drill  0.000000
shape_offset  0.000000  0.000000
$EndPAD
$PAD "B5"
Shape Rect Layer front
position  1.750000 -5.100000  size  0.220000  1.350000  orientation 0.00
drill  0.000000
shape_offset  0.000000  0.000000
$EndPAD
$PAD "B6"
Shape Rect Layer front
position  0.750000 -5.100000  size  0.220000  1.350000  orientation 0.00
drill  0.000000
shape_offset  0.000000  0.000000
$EndPAD
$PAD "B7"
Shape Rect Layer front
position -0.750000 -5.100000  size  0.220000  1.350000  orientation 0.00
drill  0.000000
shape_offset  0.000000  0.000000
$EndPAD
$PAD "B8"
Shape Rect Layer front
position -1.750000 -5.100000  size  0.220000  1.350000  orientation 0.00
drill  0.000000
shape_offset  0.000000  0.000000
$EndPAD
$PAD "B9"
Shape Rect Layer front
position -2.250000 -5.100000  size  0.250000  1.350000  orientation 0.00
drill  0.000000
shape_offset  0.000000  0.000000
$EndPAD
$PAD "B12"
Shape Rect Layer front
position -3.050000 -5.100000  size  0.250000  1.300000  orientation 0.00
drill  0.000000
shape_offset  0.000000  0.000000
$EndPAD
$PAD "Sh1"
Shape Roundrect Layer both
position -4.320000 -4.180000  size  1.000000  2.200000  orientation 0.00
drill  0.600000
shape_offset  0.000000  0.000000
$EndPAD
$PAD "Sh1"
Shape Roundrect Layer both
position -4.320000  0.000000  size  1.000000  2.200000  orientation 0.00
drill  0.600000
shape_offset  0.000000  0.000000
$EndPAD
$PAD "Sh1"
Shape Roundrect Layer both
position  4.320000 -4.180000  size  1.000000  2.200000  orientation 0.00
drill  0.600000
shape_offset  0.000000  0.000000
$EndPAD
$PAD "Sh1"
Shape Roundrect Layer both
position  4.320000  0.000000  size  1.000000  2.200000  orientation 0.00
drill  0.600000
shape_offset  0.000000  0.000000
$EndPAD
$EndMODULE  J1

$MODULE J2
footprint imports:TYPE-C-31-M-12
attribut smd
position 83.945000 112.980000  orientation 0.00
layer front
$PAD ""
Shape Circle Layer both
position -2.900000 -3.650000  size  0.650000  0.650000  orientation 0.00
drill  0.650000
shape_offset  0.000000  0.000000
$EndPAD
$PAD ""
Shape Circle Layer both
position  2.900000 -3.650000  size  0.650000  0.650000  orientation 0.00
drill  0.650000
shape_offset  0.000000  0.000000
$EndPAD
$PAD "A1"
Shape Rect Layer front
position -3.300000 -5.100000  size  0.290000  1.300000  orientation 0.00
drill  0.000000
shape_offset  0.000000  0.000000
$EndPAD
$PAD "A4"
Shape Rect Layer front
position -2.500000 -5.100000  size  0.290000  1.350000  orientation 0.00
drill  0.000000
shape_offset  0.000000  0.000000
$EndPAD
$PAD "A5"
Shape Rect Layer front
position -1.250000 -5.100000  size  0.220000  1.350000  orientation 0.00
drill  0.000000
shape_offset  0.000000  0.000000
$EndPAD
$PAD "A6"
Shape Rect Layer front
position -0.250000 -5.100000  size  0.220000  1.350000  orientation 0.00
drill  0.000000
shape_offset  0.000000  0.000000
$EndPAD
$PAD "A7"
Shape Rect Layer front
position  0.250000 -5.100000  size  0.220000  1.350000  orientation 0.00
drill  0.000000
shape_offset  0.000000  0.000000
$EndPAD
$PAD "A8"
Shape Rect Layer front
position  1.250000 -5.100000  size  0.220000  1.350000  orientation 0.00
drill  0.000000
shape_offset  0.000000  0.000000
$EndPAD
$PAD "A9"
Shape Rect Layer front
position  2.500000 -5.100000  size  0.290000  1.350000  orientation 0.00
drill  0.000000
shape_offset  0.000000  0.000000
$EndPAD
$PAD "A12"
Shape Rect Layer front
position  3.300000 -5.100000  size  0.290000  1.350000  orientation 0.00
drill  0.000000
shape_offset  0.000000  0.000000
$EndPAD
$PAD "B1"
Shape Rect Layer front
position  3.050000 -5.100000  size  0.250000  1.350000  orientation 0.00
drill  0.000000
shape_offset  0.000000  0.000000
$EndPAD
$PAD "B4"
Shape Rect Layer front
position  2.250000 -5.100000  size  0.250000  1.350000  orientation 0.00
drill  0.000000
shape_offset  0.000000  0.000000
$EndPAD
$PAD "B5"
Shape Rect Layer front
position  1.750000 -5.100000  size  0.220000  1.350000  orientation 0.00
drill  0.000000
shape_offset  0.000000  0.000000
$EndPAD
$PAD "B6"
Shape Rect Layer front
position  0.750000 -5.100000  size  0.220000  1.350000  orientation 0.00
drill  0.000000
shape_offset  0.000000  0.000000
$EndPAD
$PAD "B7"
Shape Rect Layer front
position -0.750000 -5.100000  size  0.220000  1.350000  orientation 0.00
drill  0.000000
shape_offset  0.000000  0.000000
$EndPAD
$PAD "B8"
Shape Rect Layer front
position -1.750000 -5.100000  size  0.220000  1.350000  orientation 0.00
drill  0.000000
shape_offset  0.000000  0.000000
$EndPAD
$PAD "B9"
Shape Rect Layer front
position -2.250000 -5.100000  size  0.250000  1.350000  orientation 0.00
drill  0.000000
shape_offset  0.000000  0.000000
$EndPAD
$PAD "B12"
Shape Rect Layer front
position -3.050000 -5.100000  size  0.250000  1.300000  orientation 0.00
drill  0.000000
shape_offset  0.000000  0.000000
$EndPAD
$PAD "Sh1"
Shape Roundrect Layer both
position -4.320000 -4.180000  size  1.000000  2.200000  orientation 0.00
drill  0.600000
shape_offset  0.000000  0.000000
$EndPAD
$PAD "Sh1"
Shape Roundrect Layer both
position -4.320000  0.000000  size  1.000000  2.200000  orientation 0.00
drill  0.600000
shape_offset  0.000000  0.000000
$EndPAD
$PAD "Sh1"
Shape Roundrect Layer both
position  4.320000 -4.180000  size  1.000000  2.200000  orientation 0.00
drill  0.600000
shape_offset  0.000000  0.000000
$EndPAD
$PAD "Sh1"
Shape Roundrect Layer both
position  4.320000  0.000000  size  1.000000  2.200000  orientation 0.00
drill  0.600000
shape_offset  0.000000  0.000000
$EndPAD
$EndMODULE  J2

$MODULE J3
footprint TerminalBlock_Phoenix:TerminalBlock_Phoenix_MKDS-1,5-3-5.08_1x03_P5.08mm_Horizontal
attribut none
position 113.255000 52.672500  orientation 0.00
layer front
$PAD "1"
Shape Roundrect Layer both
position  0.000000  0.000000  size  2.600000  2.600000  orientation 0.00
drill  1.300000
shape_offset  0.000000  0.000000
$EndPAD
$PAD "2"
Shape Circle Layer both
position  5.080000  0.000000  size  2.600000  2.600000  orientation 0.00
drill  1.300000
shape_offset  0.000000  0.000000
$EndPAD
$PAD "3"
Shape Circle Layer both
position 10.160000  0.000000  size  2.600000  2.600000  orientation 0.00
drill  1.300000
shape_offset  0.000000  0.000000
$EndPAD
$EndMODULE  J3

$MODULE J4
footprint TerminalBlock_Phoenix:TerminalBlock_Phoenix_MKDS-1,5-3-5.08_1x03_P5.08mm_Horizontal
attribut none
position 130.840000 52.500000  orientation 0.00
layer front
$PAD "1"
Shape Roundrect Layer both
position  0.000000  0.000000  size  2.600000  2.600000  orientation 0.00
drill  1.300000
shape_offset  0.000000  0.000000
$EndPAD
$PAD "2"
Shape Circle Layer both
position  5.080000  0.000000  size  2.600000  2.600000  orientation 0.00
drill  1.300000
shape_offset  0.000000  0.000000
$EndPAD
$PAD "3"
Shape Circle Layer both
position 10.160000  0.000000  size  2.600000  2.600000  orientation 0.00
drill  1.300000
shape_offset  0.000000  0.000000
$EndPAD
$EndMODULE  J4

$MODULE J5
footprint TerminalBlock:TerminalBlock_MaiXu_MX126-5.0-07P_1x07_P5.00mm
attribut none
position 64.500000 108.000000  orientation 90.00
layer front
$PAD "1"
Shape Roundrect Layer both
position  0.000000  0.000000  size  2.800000  2.800000  orientation 0.00
drill  1.300000
shape_offset  0.000000  0.000000
$EndPAD
$PAD "2"
Shape Circle Layer both
position  5.000000  0.000000  size  2.800000  2.800000  orientation 0.00
drill  1.300000
shape_offset  0.000000  0.000000
$EndPAD
$PAD "3"
Shape Circle Layer both
position 10.000000  0.000000  size  2.800000  2.800000  orientation 0.00
drill  1.300000
shape_offset  0.000000  0.000000
$EndPAD
$PAD "4"
Shape Circle Layer both
position 15.000000  0.000000  size  2.800000  2.800000  orientation 0.00
drill  1.300000
shape_offset  0.000000  0.000000
$EndPAD
$PAD "5"
Shape Circle Layer both
position 20.000000  0.000000  size  2.800000  2.800000  orientation 0.00
drill  1.300000
shape_offset  0.000000  0.000000
$EndPAD
$PAD "6"
Shape Circle Layer both
position 25.000000  0.000000  size  2.800000  2.800000  orientation 0.00
drill  1.300000
shape_offset  0.000000  0.000000
$EndPAD
$PAD "7"
Shape Circle Layer both
position 30.000000  0.000000  size  2.800000  2.800000  orientation 0.00
drill  1.300000
shape_offset  0.000000  0.000000
$EndPAD
$EndMODULE  J5

$MODULE J6
footprint TerminalBlock:TerminalBlock_MaiXu_MX126-5.0-07P_1x07_P5.00mm
attribut none
position 64.500000 70.500000  orientation 90.00
layer front
$PAD "1"
Shape Roundrect Layer both
position  0.000000  0.000000  size  2.800000  2.800000  orientation 0.00
drill  1.300000
shape_offset  0.000000  0.000000
$EndPAD
$PAD "2"
Shape Circle Layer both
position  5.000000  0.000000  size  2.800000  2.800000  orientation 0.00
drill  1.300000
shape_offset  0.000000  0.000000
$EndPAD
$PAD "3"
Shape Circle Layer both
position 10.000000  0.000000  size  2.800000  2.800000  orientation 0.00
drill  1.300000
shape_offset  0.000000  0.000000
$EndPAD
$PAD "4"
Shape Circle Layer both
position 15.000000  0.000000  size  2.800000  2.800000  orientation 0.00
drill  1.300000
shape_offset  0.000000  0.000000
$EndPAD
$PAD "5"
Shape Circle Layer both
position 20.000000  0.000000  size  2.800000  2.800000  orientation 0.00
drill  1.300000
shape_offset  0.000000  0.000000
$EndPAD
$PAD "6"
Shape Circle Layer both
position 25.000000  0.000000  size  2.800000  2.800000  orientation 0.00
drill  1.300000
shape_offset  0.000000  0.000000
$EndPAD
$PAD "7"
Shape Circle Layer both
position 30.000000  0.000000  size  2.800000  2.800000  orientation 0.00
drill  1.300000
shape_offset  0.000000  0.000000
$EndPAD
$EndMODULE  J6

$MODULE J7
footprint TerminalBlock:TerminalBlock_MaiXu_MX126-5.0-07P_1x07_P5.00mm
attribut none
position 139.872500 65.750000  orientation -90.00
layer front
$PAD "1"
Shape Roundrect Layer both
position  0.000000  0.000000  size  2.800000  2.800000  orientation 360.00
drill  1.300000
shape_offset  0.000000  0.000000
$EndPAD
$PAD "2"
Shape Circle Layer both
position  5.000000  0.000000  size  2.800000  2.800000  orientation 360.00
drill  1.300000
shape_offset  0.000000  0.000000
$EndPAD
$PAD "3"
Shape Circle Layer both
position 10.000000  0.000000  size  2.800000  2.800000  orientation 360.00
drill  1.300000
shape_offset  0.000000  0.000000
$EndPAD
$PAD "4"
Shape Circle Layer both
position 15.000000  0.000000  size  2.800000  2.800000  orientation 360.00
drill  1.300000
shape_offset  0.000000  0.000000
$EndPAD
$PAD "5"
Shape Circle Layer both
position 20.000000  0.000000  size  2.800000  2.800000  orientation 360.00
drill  1.300000
shape_offset  0.000000  0.000000
$EndPAD
$PAD "6"
Shape Circle Layer both
position 25.000000  0.000000  size  2.800000  2.800000  orientation 360.00
drill  1.300000
shape_offset  0.000000  0.000000
$EndPAD
$PAD "7"
Shape Circle Layer both
position 30.000000  0.000000  size  2.800000  2.800000  orientation 360.00
drill  1.300000
shape_offset  0.000000  0.000000
$EndPAD
$EndMODULE  J7

$MODULE J10
footprint Connector:FanPinHeader_1x03_P2.54mm_Vertical
attribut none
position 120.270000 64.225000  orientation 0.00
layer front
$PAD "1"
Shape Rect Layer both
position  0.000000  0.000000  size  2.030000  1.730000  orientation 90.00
drill  1.020000
shape_offset  0.000000  0.000000
$EndPAD
$PAD "2"
Shape Oval Layer both
position  2.540000  0.000000  size  2.030000  1.730000  orientation 90.00
drill  1.020000
shape_offset  0.000000  0.000000
$EndPAD
$PAD "3"
Shape Oval Layer both
position  5.080000  0.000000  size  2.030000  1.730000  orientation 90.00
drill  1.020000
shape_offset  0.000000  0.000000
$EndPAD
$EndMODULE  J10

$MODULE J11
footprint Connector:FanPinHeader_1x03_P2.54mm_Vertical
attribut none
position 107.925000 83.825000  orientation 0.00
layer front
$PAD "1"
Shape Rect Layer both
position  0.000000  0.000000  size  2.030000  1.730000  orientation 90.00
drill  1.020000
shape_offset  0.000000  0.000000
$EndPAD
$PAD "2"
Shape Oval Layer both
position  2.540000  0.000000  size  2.030000  1.730000  orientation 90.00
drill  1.020000
shape_offset  0.000000  0.000000
$EndPAD
$PAD "3"
Shape Oval Layer both
position  5.080000  0.000000  size  2.030000  1.730000  orientation 90.00
drill  1.020000
shape_offset  0.000000  0.000000
$EndPAD
$EndMODULE  J11

$MODULE J12
footprint Connector:FanPinHeader_1x03_P2.54mm_Vertical
attribut none
position 120.424839 84.735412  orientation 0.00
layer front
$PAD "1"
Shape Rect Layer both
position  0.000000  0.000000  size  2.030000  1.730000  orientation 90.00
drill  1.020000
shape_offset  0.000000  0.000000
$EndPAD
$PAD "2"
Shape Oval Layer both
position  2.540000  0.000000  size  2.030000  1.730000  orientation 90.00
drill  1.020000
shape_offset  0.000000  0.000000
$EndPAD
$PAD "3"
Shape Oval Layer both
position  5.080000  0.000000  size  2.030000  1.730000  orientation 90.00
drill  1.020000
shape_offset  0.000000  0.000000
$EndPAD
$EndMODULE  J12

$MODULE R1
footprint Resistor_SMD:R_0603_1608Metric
attribut smd
position 93.000000 104.500000  orientation 0.00
layer front
$PAD "1"
Shape Roundrect Layer front
position -0.825000  0.000000  size  0.800000  0.950000  orientation 0.00
drill  0.000000
shape_offset  0.000000  0.000000
$EndPAD
$PAD "2"
Shape Roundrect Layer front
position  0.825000  0.000000  size  0.800000  0.950000  orientation 0.00
drill  0.000000
shape_offset  0.000000  0.000000
$EndPAD
$EndMODULE  R1

$MODULE R2
footprint Resistor_SMD:R_0603_1608Metric
attribut smd
position 93.000000 101.500000  orientation 0.00
layer front
$PAD "1"
Shape Roundrect Layer front
position -0.825000  0.000000  size  0.800000  0.950000  orientation 0.00
drill  0.000000
shape_offset  0.000000  0.000000
$EndPAD
$PAD "2"
Shape Roundrect Layer front
position  0.825000  0.000000  size  0.800000  0.950000  orientation 0.00
drill  0.000000
shape_offset  0.000000  0.000000
$EndPAD
$EndMODULE  R2

$MODULE R3
footprint Resistor_SMD:R_0603_1608Metric
attribut smd
position 92.996070 98.491977  orientation 0.00
layer front
$PAD "1"
Shape Roundrect Layer front
position -0.825000  0.000000  size  0.800000  0.950000  orientation 0.00
drill  0.000000
shape_offset  0.000000  0.000000
$EndPAD
$PAD "2"
Shape Roundrect Layer front
position  0.825000  0.000000  size  0.800000  0.950000  orientation 0.00
drill  0.000000
shape_offset  0.000000  0.000000
$EndPAD
$EndMODULE  R3

$MODULE R4
footprint Resistor_SMD:R_0603_1608Metric
attribut smd
position 110.060000 103.175000  orientation 90.00
layer front
$PAD "1"
Shape Roundrect Layer front
position -0.825000  0.000000  size  0.800000  0.950000  orientation 0.00
drill  0.000000
shape_offset  0.000000  0.000000
$EndPAD
$PAD "2"
Shape Roundrect Layer front
position  0.825000  0.000000  size  0.800000  0.950000  orientation 0.00
drill  0.000000
shape_offset  0.000000  0.000000
$EndPAD
$EndMODULE  R4

$MODULE R5
footprint Resistor_SMD:R_0603_1608Metric
attribut smd
position 143.300000 59.125000  orientation -90.00
layer front
$PAD "1"
Shape Roundrect Layer front
position -0.825000  0.000000  size  0.800000  0.950000  orientation 360.00
drill  0.000000
shape_offset  0.000000  0.000000
$EndPAD
$PAD "2"
Shape Roundrect Layer front
position  0.825000  0.000000  size  0.800000  0.950000  orientation 360.00
drill  0.000000
shape_offset  0.000000  0.000000
$EndPAD
$EndMODULE  R5

$MODULE R6
footprint Resistor_SMD:R_0603_1608Metric
attribut smd
position 141.775000 59.125000  orientation -90.00
layer front
$PAD "1"
Shape Roundrect Layer front
position -0.825000  0.000000  size  0.800000  0.950000  orientation 360.00
drill  0.000000
shape_offset  0.000000  0.000000
$EndPAD
$PAD "2"
Shape Roundrect Layer front
position  0.825000  0.000000  size  0.800000  0.950000  orientation 360.00
drill  0.000000
shape_offset  0.000000  0.000000
$EndPAD
$EndMODULE  R6

$MODULE R7
footprint Resistor_SMD:R_0603_1608Metric
attribut smd
position 125.725000 59.300000  orientation -90.00
layer front
$PAD "1"
Shape Roundrect Layer front
position -0.825000  0.000000  size  0.800000  0.950000  orientation 360.00
drill  0.000000
shape_offset  0.000000  0.000000
$EndPAD
$PAD "2"
Shape Roundrect Layer front
position  0.825000  0.000000  size  0.800000  0.950000  orientation 360.00
drill  0.000000
shape_offset  0.000000  0.000000
$EndPAD
$EndMODULE  R7

$MODULE R8
footprint Resistor_SMD:R_0603_1608Metric
attribut smd
position 124.200000 59.300000  orientation -90.00
layer front
$PAD "1"
Shape Roundrect Layer front
position -0.825000  0.000000  size  0.800000  0.950000  orientation 360.00
drill  0.000000
shape_offset  0.000000  0.000000
$EndPAD
$PAD "2"
Shape Roundrect Layer front
position  0.825000  0.000000  size  0.800000  0.950000  orientation 360.00
drill  0.000000
shape_offset  0.000000  0.000000
$EndPAD
$EndMODULE  R8

$MODULE R9
footprint Resistor_SMD:R_0603_1608Metric
attribut smd
position 106.790000 103.175000  orientation 90.00
layer front
$PAD "1"
Shape Roundrect Layer front
position -0.825000  0.000000  size  0.800000  0.950000  orientation 0.00
drill  0.000000
shape_offset  0.000000  0.000000
$EndPAD
$PAD "2"
Shape Roundrect Layer front
position  0.825000  0.000000  size  0.800000  0.950000  orientation 0.00
drill  0.000000
shape_offset  0.000000  0.000000
$EndPAD
$EndMODULE  R9

$MODULE R10
footprint Resistor_SMD:R_0603_1608Metric
attribut smd
position 105.450000 81.350000  orientation 90.00
layer front
$PAD "1"
Shape Roundrect Layer front
position -0.825000  0.000000  size  0.800000  0.950000  orientation 0.00
drill  0.000000
shape_offset  0.000000  0.000000
$EndPAD
$PAD "2"
Shape Roundrect Layer front
position  0.825000  0.000000  size  0.800000  0.950000  orientation 0.00
drill  0.000000
shape_offset  0.000000  0.000000
$EndPAD
$EndMODULE  R10

$MODULE R11
footprint Resistor_SMD:R_0603_1608Metric
attribut smd
position 103.575000 81.350000  orientation 90.00
layer front
$PAD "1"
Shape Roundrect Layer front
position -0.825000  0.000000  size  0.800000  0.950000  orientation 0.00
drill  0.000000
shape_offset  0.000000  0.000000
$EndPAD
$PAD "2"
Shape Roundrect Layer front
position  0.825000  0.000000  size  0.800000  0.950000  orientation 0.00
drill  0.000000
shape_offset  0.000000  0.000000
$EndPAD
$EndMODULE  R11

$MODULE R12
footprint Resistor_SMD:R_0603_1608Metric
attribut smd
position 117.375000 61.175000  orientation 90.00
layer front
$PAD "1"
Shape Roundrect Layer front
position -0.825000  0.000000  size  0.800000  0.950000  orientation 0.00
drill  0.000000
shape_offset  0.000000  0.000000
$EndPAD
$PAD "2"
Shape Roundrect Layer front
position  0.825000  0.000000  size  0.800000  0.950000  orientation 0.00
drill  0.000000
shape_offset  0.000000  0.000000
$EndPAD
$EndMODULE  R12

$MODULE R13
footprint Resistor_SMD:R_0603_1608Metric
attribut smd
position 115.850000 61.175000  orientation -90.00
layer front
$PAD "1"
Shape Roundrect Layer front
position -0.825000  0.000000  size  0.800000  0.950000  orientation 360.00
drill  0.000000
shape_offset  0.000000  0.000000
$EndPAD
$PAD "2"
Shape Roundrect Layer front
position  0.825000  0.000000  size  0.800000  0.950000  orientation 360.00
drill  0.000000
shape_offset  0.000000  0.000000
$EndPAD
$EndMODULE  R13

$MODULE R14
footprint Resistor_SMD:R_0603_1608Metric
attribut smd
position 92.592026 74.015388  orientation 0.00
layer front
$PAD "1"
Shape Roundrect Layer front
position -0.825000  0.000000  size  0.800000  0.950000  orientation 0.00
drill  0.000000
shape_offset  0.000000  0.000000
$EndPAD
$PAD "2"
Shape Roundrect Layer front
position  0.825000  0.000000  size  0.800000  0.950000  orientation 0.00
drill  0.000000
shape_offset  0.000000  0.000000
$EndPAD
$EndMODULE  R14

$MODULE R15
footprint Resistor_SMD:R_0603_1608Metric
attribut smd
position 112.375000 79.250000  orientation 90.00
layer front
$PAD "1"
Shape Roundrect Layer front
position -0.825000  0.000000  size  0.800000  0.950000  orientation 0.00
drill  0.000000
shape_offset  0.000000  0.000000
$EndPAD
$PAD "2"
Shape Roundrect Layer front
position  0.825000  0.000000  size  0.800000  0.950000  orientation 0.00
drill  0.000000
shape_offset  0.000000  0.000000
$EndPAD
$EndMODULE  R15

$MODULE R16
footprint Resistor_SMD:R_0603_1608Metric
attribut smd
position 70.282500 58.905000  orientation 0.00
layer front
$PAD "1"
Shape Roundrect Layer front
position -0.825000  0.000000  size  0.800000  0.950000  orientation 0.00
drill  0.000000
shape_offset  0.000000  0.000000
$EndPAD
$PAD "2"
Shape Roundrect Layer front
position  0.825000  0.000000  size  0.800000  0.950000  orientation 0.00
drill  0.000000
shape_offset  0.000000  0.000000
$EndPAD
$EndMODULE  R16

$MODULE R17
footprint Resistor_SMD:R_0603_1608Metric
attribut smd
position 70.282500 61.415000  orientation 0.00
layer front
$PAD "1"
Shape Roundrect Layer front
position -0.825000  0.000000  size  0.800000  0.950000  orientation 0.00
drill  0.000000
shape_offset  0.000000  0.000000
$EndPAD
$PAD "2"
Shape Roundrect Layer front
position  0.825000  0.000000  size  0.800000  0.950000  orientation 0.00
drill  0.000000
shape_offset  0.000000  0.000000
$EndPAD
$EndMODULE  R17

$MODULE R18
footprint Resistor_SMD:R_0603_1608Metric
attribut smd
position 70.282500 63.925000  orientation 0.00
layer front
$PAD "1"
Shape Roundrect Layer front
position -0.825000  0.000000  size  0.800000  0.950000  orientation 0.00
drill  0.000000
shape_offset  0.000000  0.000000
$EndPAD
$PAD "2"
Shape Roundrect Layer front
position  0.825000  0.000000  size  0.800000  0.950000  orientation 0.00
drill  0.000000
shape_offset  0.000000  0.000000
$EndPAD
$EndMODULE  R18

$MODULE R19
footprint Resistor_SMD:R_0603_1608Metric
attribut smd
position 70.282500 66.435000  orientation 0.00
layer front
$PAD "1"
Shape Roundrect Layer front
position -0.825000  0.000000  size  0.800000  0.950000  orientation 0.00
drill  0.000000
shape_offset  0.000000  0.000000
$EndPAD
$PAD "2"
Shape Roundrect Layer front
position  0.825000  0.000000  size  0.800000  0.950000  orientation 0.00
drill  0.000000
shape_offset  0.000000  0.000000
$EndPAD
$EndMODULE  R19

$MODULE U1
footprint Package_TO_SOT_SMD:SOT-223-3_TabPin2
attribut smd
position 82.650000 98.800000  orientation 90.00
layer front
$PAD "1"
Shape Roundrect Layer front
position -3.150000 -2.300000  size  2.000000  1.500000  orientation 0.00
drill  0.000000
shape_offset  0.000000  0.000000
$EndPAD
$PAD "2"
Shape Roundrect Layer front
position -3.150000  0.000000  size  2.000000  1.500000  orientation 0.00
drill  0.000000
shape_offset  0.000000  0.000000
$EndPAD
$PAD "2"
Shape Roundrect Layer front
position  3.150000  0.000000  size  2.000000  3.800000  orientation 0.00
drill  0.000000
shape_offset  0.000000  0.000000
$EndPAD
$PAD "3"
Shape Roundrect Layer front
position -3.150000  2.300000  size  2.000000  1.500000  orientation 0.00
drill  0.000000
shape_offset  0.000000  0.000000
$EndPAD
$EndMODULE  U1

$MODULE U2
footprint Package_DFN_QFN:QFN-56-1EP_7x7mm_P0.4mm_EP3.2x3.2mm
attribut smd
position 99.235000 73.975000  orientation -90.00
layer front
$PAD ""
Shape Roundrect Layer nocopper
position -0.800000 -0.800000  size  1.290000  1.290000  orientation 360.00
drill  0.000000
shape_offset  0.000000  0.000000
$EndPAD
$PAD ""
Shape Roundrect Layer nocopper
position -0.800000  0.800000  size  1.290000  1.290000  orientation 360.00
drill  0.000000
shape_offset  0.000000  0.000000
$EndPAD
$PAD ""
Shape Roundrect Layer nocopper
position  0.800000 -0.800000  size  1.290000  1.290000  orientation 360.00
drill  0.000000
shape_offset  0.000000  0.000000
$EndPAD
$PAD ""
Shape Roundrect Layer nocopper
position  0.800000  0.800000  size  1.290000  1.290000  orientation 360.00
drill  0.000000
shape_offset  0.000000  0.000000
$EndPAD
$PAD "1"
Shape Roundrect Layer front
position -3.437500 -2.600000  size  0.875000  0.200000  orientation 360.00
drill  0.000000
shape_offset  0.000000  0.000000
$EndPAD
$PAD "2"
Shape Roundrect Layer front
position -3.437500 -2.200000  size  0.875000  0.200000  orientation 360.00
drill  0.000000
shape_offset  0.000000  0.000000
$EndPAD
$PAD "3"
Shape Roundrect Layer front
position -3.437500 -1.800000  size  0.875000  0.200000  orientation 360.00
drill  0.000000
shape_offset  0.000000  0.000000
$EndPAD
$PAD "4"
Shape Roundrect Layer front
position -3.437500 -1.400000  size  0.875000  0.200000  orientation 360.00
drill  0.000000
shape_offset  0.000000  0.000000
$EndPAD
$PAD "5"
Shape Roundrect Layer front
position -3.437500 -1.000000  size  0.875000  0.200000  orientation 360.00
drill  0.000000
shape_offset  0.000000  0.000000
$EndPAD
$PAD "6"
Shape Roundrect Layer front
position -3.437500 -0.600000  size  0.875000  0.200000  orientation 360.00
drill  0.000000
shape_offset  0.000000  0.000000
$EndPAD
$PAD "7"
Shape Roundrect Layer front
position -3.437500 -0.200000  size  0.875000  0.200000  orientation 360.00
drill  0.000000
shape_offset  0.000000  0.000000
$EndPAD
$PAD "8"
Shape Roundrect Layer front
position -3.437500  0.200000  size  0.875000  0.200000  orientation 360.00
drill  0.000000
shape_offset  0.000000  0.000000
$EndPAD
$PAD "9"
Shape Roundrect Layer front
position -3.437500  0.600000  size  0.875000  0.200000  orientation 360.00
drill  0.000000
shape_offset  0.000000  0.000000
$EndPAD
$PAD "10"
Shape Roundrect Layer front
position -3.437500  1.000000  size  0.875000  0.200000  orientation 360.00
drill  0.000000
shape_offset  0.000000  0.000000
$EndPAD
$PAD "11"
Shape Roundrect Layer front
position -3.437500  1.400000  size  0.875000  0.200000  orientation 360.00
drill  0.000000
shape_offset  0.000000  0.000000
$EndPAD
$PAD "12"
Shape Roundrect Layer front
position -3.437500  1.800000  size  0.875000  0.200000  orientation 360.00
drill  0.000000
shape_offset  0.000000  0.000000
$EndPAD
$PAD "13"
Shape Roundrect Layer front
position -3.437500  2.200000  size  0.875000  0.200000  orientation 360.00
drill  0.000000
shape_offset  0.000000  0.000000
$EndPAD
$PAD "14"
Shape Roundrect Layer front
position -3.437500  2.600000  size  0.875000  0.200000  orientation 360.00
drill  0.000000
shape_offset  0.000000  0.000000
$EndPAD
$PAD "15"
Shape Roundrect Layer front
position -2.600000  3.437500  size  0.200000  0.875000  orientation 360.00
drill  0.000000
shape_offset  0.000000  0.000000
$EndPAD
$PAD "16"
Shape Roundrect Layer front
position -2.200000  3.437500  size  0.200000  0.875000  orientation 360.00
drill  0.000000
shape_offset  0.000000  0.000000
$EndPAD
$PAD "17"
Shape Roundrect Layer front
position -1.800000  3.437500  size  0.200000  0.875000  orientation 360.00
drill  0.000000
shape_offset  0.000000  0.000000
$EndPAD
$PAD "18"
Shape Roundrect Layer front
position -1.400000  3.437500  size  0.200000  0.875000  orientation 360.00
drill  0.000000
shape_offset  0.000000  0.000000
$EndPAD
$PAD "19"
Shape Roundrect Layer front
position -1.000000  3.437500  size  0.200000  0.875000  orientation 360.00
drill  0.000000
shape_offset  0.000000  0.000000
$EndPAD
$PAD "20"
Shape Roundrect Layer front
position -0.600000  3.437500  size  0.200000  0.875000  orientation 360.00
drill  0.000000
shape_offset  0.000000  0.000000
$EndPAD
$PAD "21"
Shape Roundrect Layer front
position -0.200000  3.437500  size  0.200000  0.875000  orientation 360.00
drill  0.000000
shape_offset  0.000000  0.000000
$EndPAD
$PAD "22"
Shape Roundrect Layer front
position  0.200000  3.437500  size  0.200000  0.875000  orientation 360.00
drill  0.000000
shape_offset  0.000000  0.000000
$EndPAD
$PAD "23"
Shape Roundrect Layer front
position  0.600000  3.437500  size  0.200000  0.875000  orientation 360.00
drill  0.000000
shape_offset  0.000000  0.000000
$EndPAD
$PAD "24"
Shape Roundrect Layer front
position  1.000000  3.437500  size  0.200000  0.875000  orientation 360.00
drill  0.000000
shape_offset  0.000000  0.000000
$EndPAD
$PAD "25"
Shape Roundrect Layer front
position  1.400000  3.437500  size  0.200000  0.875000  orientation 360.00
drill  0.000000
shape_offset  0.000000  0.000000
$EndPAD
$PAD "26"
Shape Roundrect Layer front
position  1.800000  3.437500  size  0.200000  0.875000  orientation 360.00
drill  0.000000
shape_offset  0.000000  0.000000
$EndPAD
$PAD "27"
Shape Roundrect Layer front
position  2.200000  3.437500  size  0.200000  0.875000  orientation 360.00
drill  0.000000
shape_offset  0.000000  0.000000
$EndPAD
$PAD "28"
Shape Roundrect Layer front
position  2.600000  3.437500  size  0.200000  0.875000  orientation 360.00
drill  0.000000
shape_offset  0.000000  0.000000
$EndPAD
$PAD "29"
Shape Roundrect Layer front
position  3.437500  2.600000  size  0.875000  0.200000  orientation 360.00
drill  0.000000
shape_offset  0.000000  0.000000
$EndPAD
$PAD "30"
Shape Roundrect Layer front
position  3.437500  2.200000  size  0.875000  0.200000  orientation 360.00
drill  0.000000
shape_offset  0.000000  0.000000
$EndPAD
$PAD "31"
Shape Roundrect Layer front
position  3.437500  1.800000  size  0.875000  0.200000  orientation 360.00
drill  0.000000
shape_offset  0.000000  0.000000
$EndPAD
$PAD "32"
Shape Roundrect Layer front
position  3.437500  1.400000  size  0.875000  0.200000  orientation 360.00
drill  0.000000
shape_offset  0.000000  0.000000
$EndPAD
$PAD "33"
Shape Roundrect Layer front
position  3.437500  1.000000  size  0.875000  0.200000  orientation 360.00
drill  0.000000
shape_offset  0.000000  0.000000
$EndPAD
$PAD "34"
Shape Roundrect Layer front
position  3.437500  0.600000  size  0.875000  0.200000  orientation 360.00
drill  0.000000
shape_offset  0.000000  0.000000
$EndPAD
$PAD "35"
Shape Roundrect Layer front
position  3.437500  0.200000  size  0.875000  0.200000  orientation 360.00
drill  0.000000
shape_offset  0.000000  0.000000
$EndPAD
$PAD "36"
Shape Roundrect Layer front
position  3.437500 -0.200000  size  0.875000  0.200000  orientation 360.00
drill  0.000000
shape_offset  0.000000  0.000000
$EndPAD
$PAD "37"
Shape Roundrect Layer front
position  3.437500 -0.600000  size  0.875000  0.200000  orientation 360.00
drill  0.000000
shape_offset  0.000000  0.000000
$EndPAD
$PAD "38"
Shape Roundrect Layer front
position  3.437500 -1.000000  size  0.875000  0.200000  orientation 360.00
drill  0.000000
shape_offset  0.000000  0.000000
$EndPAD
$PAD "39"
Shape Roundrect Layer front
position  3.437500 -1.400000  size  0.875000  0.200000  orientation 360.00
drill  0.000000
shape_offset  0.000000  0.000000
$EndPAD
$PAD "40"
Shape Roundrect Layer front
position  3.437500 -1.800000  size  0.875000  0.200000  orientation 360.00
drill  0.000000
shape_offset  0.000000  0.000000
$EndPAD
$PAD "41"
Shape Roundrect Layer front
position  3.437500 -2.200000  size  0.875000  0.200000  orientation 360.00
drill  0.000000
shape_offset  0.000000  0.000000
$EndPAD
$PAD "42"
Shape Roundrect Layer front
position  3.437500 -2.600000  size  0.875000  0.200000  orientation 360.00
drill  0.000000
shape_offset  0.000000  0.000000
$EndPAD
$PAD "43"
Shape Roundrect Layer front
position  2.600000 -3.437500  size  0.200000  0.875000  orientation 360.00
drill  0.000000
shape_offset  0.000000  0.000000
$EndPAD
$PAD "44"
Shape Roundrect Layer front
position  2.200000 -3.437500  size  0.200000  0.875000  orientation 360.00
drill  0.000000
shape_offset  0.000000  0.000000
$EndPAD
$PAD "45"
Shape Roundrect Layer front
position  1.800000 -3.437500  size  0.200000  0.875000  orientation 360.00
drill  0.000000
shape_offset  0.000000  0.000000
$EndPAD
$PAD "46"
Shape Roundrect Layer front
position  1.400000 -3.437500  size  0.200000  0.875000  orientation 360.00
drill  0.000000
shape_offset  0.000000  0.000000
$EndPAD
$PAD "47"
Shape Roundrect Layer front
position  1.000000 -3.437500  size  0.200000  0.875000  orientation 360.00
drill  0.000000
shape_offset  0.000000  0.000000
$EndPAD
$PAD "48"
Shape Roundrect Layer front
position  0.600000 -3.437500  size  0.200000  0.875000  orientation 360.00
drill  0.000000
shape_offset  0.000000  0.000000
$EndPAD
$PAD "49"
Shape Roundrect Layer front
position  0.200000 -3.437500  size  0.200000  0.875000  orientation 360.00
drill  0.000000
shape_offset  0.000000  0.000000
$EndPAD
$PAD "50"
Shape Roundrect Layer front
position -0.200000 -3.437500  size  0.200000  0.875000  orientation 360.00
drill  0.000000
shape_offset  0.000000  0.000000
$EndPAD
$PAD "51"
Shape Roundrect Layer front
position -0.600000 -3.437500  size  0.200000  0.875000  orientation 360.00
drill  0.000000
shape_offset  0.000000  0.000000
$EndPAD
$PAD "52"
Shape Roundrect Layer front
position -1.000000 -3.437500  size  0.200000  0.875000  orientation 360.00
drill  0.000000
shape_offset  0.000000  0.000000
$EndPAD
$PAD "53"
Shape Roundrect Layer front
position -1.400000 -3.437500  size  0.200000  0.875000  orientation 360.00
drill  0.000000
shape_offset  0.000000  0.000000
$EndPAD
$PAD "54"
Shape Roundrect Layer front
position -1.800000 -3.437500  size  0.200000  0.875000  orientation 360.00
drill  0.000000
shape_offset  0.000000  0.000000
$EndPAD
$PAD "55"
Shape Roundrect Layer front
position -2.200000 -3.437500  size  0.200000  0.875000  orientation 360.00
drill  0.000000
shape_offset  0.000000  0.000000
$EndPAD
$PAD "56"
Shape Roundrect Layer front
position -2.600000 -3.437500  size  0.200000  0.875000  orientation 360.00
drill  0.000000
shape_offset  0.000000  0.000000
$EndPAD
$PAD "57"
Shape Rect Layer front
position  0.000000  0.000000  size  3.200000  3.200000  orientation 360.00
drill  0.000000
shape_offset  0.000000  0.000000
$EndPAD
$EndMODULE  U2

$MODULE U3
footprint Package_SO:VSSOP-10_3x3mm_P0.5mm
attribut smd
position 83.200000 90.150000  orientation 180.00
layer front
$PAD "1"
Shape Roundrect Layer front
position -2.200000 -1.000000  size  1.450000  0.300000  orientation 0.00
drill  0.000000
shape_offset  0.000000  0.000000
$EndPAD
$PAD "2"
Shape Roundrect Layer front
position -2.200000 -0.500000  size  1.450000  0.300000  orientation 0.00
drill  0.000000
shape_offset  0.000000  0.000000
$EndPAD
$PAD "3"
Shape Roundrect Layer front
position -2.200000  0.000000  size  1.450000  0.300000  orientation 0.00
drill  0.000000
shape_offset  0.000000  0.000000
$EndPAD
$PAD "4"
Shape Roundrect Layer front
position -2.200000  0.500000  size  1.450000  0.300000  orientation 0.00
drill  0.000000
shape_offset  0.000000  0.000000
$EndPAD
$PAD "5"
Shape Roundrect Layer front
position -2.200000  1.000000  size  1.450000  0.300000  orientation 0.00
drill  0.000000
shape_offset  0.000000  0.000000
$EndPAD
$PAD "6"
Shape Roundrect Layer front
position  2.200000  1.000000  size  1.450000  0.300000  orientation 0.00
drill  0.000000
shape_offset  0.000000  0.000000
$EndPAD
$PAD "7"
Shape Roundrect Layer front
position  2.200000  0.500000  size  1.450000  0.300000  orientation 0.00
drill  0.000000
shape_offset  0.000000  0.000000
$EndPAD
$PAD "8"
Shape Roundrect Layer front
position  2.200000  0.000000  size  1.450000  0.300000  orientation 0.00
drill  0.000000
shape_offset  0.000000  0.000000
$EndPAD
$PAD "9"
Shape Roundrect Layer front
position  2.200000 -0.500000  size  1.450000  0.300000  orientation 0.00
drill  0.000000
shape_offset  0.000000  0.000000
$EndPAD
$PAD "10"
Shape Roundrect Layer front
position  2.200000 -1.000000  size  1.450000  0.300000  orientation 0.00
drill  0.000000
shape_offset  0.000000  0.000000
$EndPAD
$EndMODULE  U3

$MODULE U4
footprint Package_SO:VSSOP-10_3x3mm_P0.5mm
attribut smd
position 83.200000 85.575000  orientation 180.00
layer front
$PAD "1"
Shape Roundrect Layer front
position -2.200000 -1.000000  size  1.450000  0.300000  orientation 0.00
drill  0.000000
shape_offset  0.000000  0.000000
$EndPAD
$PAD "2"
Shape Roundrect Layer front
position -2.200000 -0.500000  size  1.450000  0.300000  orientation 0.00
drill  0.000000
shape_offset  0.000000  0.000000
$EndPAD
$PAD "3"
Shape Roundrect Layer front
position -2.200000  0.000000  size  1.450000  0.300000  orientation 0.00
drill  0.000000
shape_offset  0.000000  0.000000
$EndPAD
$PAD "4"
Shape Roundrect Layer front
position -2.200000  0.500000  size  1.450000  0.300000  orientation 0.00
drill  0.000000
shape_offset  0.000000  0.000000
$EndPAD
$PAD "5"
Shape Roundrect Layer front
position -2.200000  1.000000  size  1.450000  0.300000  orientation 0.00
drill  0.000000
shape_offset  0.000000  0.000000
$EndPAD
$PAD "6"
Shape Roundrect Layer front
position  2.200000  1.000000  size  1.450000  0.300000  orientation 0.00
drill  0.000000
shape_offset  0.000000  0.000000
$EndPAD
$PAD "7"
Shape Roundrect Layer front
position  2.200000  0.500000  size  1.450000  0.300000  orientation 0.00
drill  0.000000
shape_offset  0.000000  0.000000
$EndPAD
$PAD "8"
Shape Roundrect Layer front
position  2.200000  0.000000  size  1.450000  0.300000  orientation 0.00
drill  0.000000
shape_offset  0.000000  0.000000
$EndPAD
$PAD "9"
Shape Roundrect Layer front
position  2.200000 -0.500000  size  1.450000  0.300000  orientation 0.00
drill  0.000000
shape_offset  0.000000  0.000000
$EndPAD
$PAD "10"
Shape Roundrect Layer front
position  2.200000 -1.000000  size  1.450000  0.300000  orientation 0.00
drill  0.000000
shape_offset  0.000000  0.000000
$EndPAD
$EndMODULE  U4

$MODULE U5
footprint Package_SO:VSSOP-10_3x3mm_P0.5mm
attribut smd
position 83.200000 81.000000  orientation 180.00
layer front
$PAD "1"
Shape Roundrect Layer front
position -2.200000 -1.000000  size  1.450000  0.300000  orientation 0.00
drill  0.000000
shape_offset  0.000000  0.000000
$EndPAD
$PAD "2"
Shape Roundrect Layer front
position -2.200000 -0.500000  size  1.450000  0.300000  orientation 0.00
drill  0.000000
shape_offset  0.000000  0.000000
$EndPAD
$PAD "3"
Shape Roundrect Layer front
position -2.200000  0.000000  size  1.450000  0.300000  orientation 0.00
drill  0.000000
shape_offset  0.000000  0.000000
$EndPAD
$PAD "4"
Shape Roundrect Layer front
position -2.200000  0.500000  size  1.450000  0.300000  orientation 0.00
drill  0.000000
shape_offset  0.000000  0.000000
$EndPAD
$PAD "5"
Shape Roundrect Layer front
position -2.200000  1.000000  size  1.450000  0.300000  orientation 0.00
drill  0.000000
shape_offset  0.000000  0.000000
$EndPAD
$PAD "6"
Shape Roundrect Layer front
position  2.200000  1.000000  size  1.450000  0.300000  orientation 0.00
drill  0.000000
shape_offset  0.000000  0.000000
$EndPAD
$PAD "7"
Shape Roundrect Layer front
position  2.200000  0.500000  size  1.450000  0.300000  orientation 0.00
drill  0.000000
shape_offset  0.000000  0.000000
$EndPAD
$PAD "8"
Shape Roundrect Layer front
position  2.200000  0.000000  size  1.450000  0.300000  orientation 0.00
drill  0.000000
shape_offset  0.000000  0.000000
$EndPAD
$PAD "9"
Shape Roundrect Layer front
position  2.200000 -0.500000  size  1.450000  0.300000  orientation 0.00
drill  0.000000
shape_offset  0.000000  0.000000
$EndPAD
$PAD "10"
Shape Roundrect Layer front
position  2.200000 -1.000000  size  1.450000  0.300000  orientation 0.00
drill  0.000000
shape_offset  0.000000  0.000000
$EndPAD
$EndMODULE  U5

$MODULE U6
footprint Package_SO:VSSOP-10_3x3mm_P0.5mm
attribut smd
position 83.200000 76.425000  orientation 180.00
layer front
$PAD "1"
Shape Roundrect Layer front
position -2.200000 -1.000000  size  1.450000  0.300000  orientation 0.00
drill  0.000000
shape_offset  0.000000  0.000000
$EndPAD
$PAD "2"
Shape Roundrect Layer front
position -2.200000 -0.500000  size  1.450000  0.300000  orientation 0.00
drill  0.000000
shape_offset  0.000000  0.000000
$EndPAD
$PAD "3"
Shape Roundrect Layer front
position -2.200000  0.000000  size  1.450000  0.300000  orientation 0.00
drill  0.000000
shape_offset  0.000000  0.000000
$EndPAD
$PAD "4"
Shape Roundrect Layer front
position -2.200000  0.500000  size  1.450000  0.300000  orientation 0.00
drill  0.000000
shape_offset  0.000000  0.000000
$EndPAD
$PAD "5"
Shape Roundrect Layer front
position -2.200000  1.000000  size  1.450000  0.300000  orientation 0.00
drill  0.000000
shape_offset  0.000000  0.000000
$EndPAD
$PAD "6"
Shape Roundrect Layer front
position  2.200000  1.000000  size  1.450000  0.300000  orientation 0.00
drill  0.000000
shape_offset  0.000000  0.000000
$EndPAD
$PAD "7"
Shape Roundrect Layer front
position  2.200000  0.500000  size  1.450000  0.300000  orientation 0.00
drill  0.000000
shape_offset  0.000000  0.000000
$EndPAD
$PAD "8"
Shape Roundrect Layer front
position  2.200000  0.000000  size  1.450000  0.300000  orientation 0.00
drill  0.000000
shape_offset  0.000000  0.000000
$EndPAD
$PAD "9"
Shape Roundrect Layer front
position  2.200000 -0.500000  size  1.450000  0.300000  orientation 0.00
drill  0.000000
shape_offset  0.000000  0.000000
$EndPAD
$PAD "10"
Shape Roundrect Layer front
position  2.200000 -1.000000  size  1.450000  0.300000  orientation 0.00
drill  0.000000
shape_offset  0.000000  0.000000
$EndPAD
$EndMODULE  U6

$MODULE U7
footprint Package_SO:VSSOP-10_3x3mm_P0.5mm
attribut smd
position 83.200000 71.850000  orientation 180.00
layer front
$PAD "1"
Shape Roundrect Layer front
position -2.200000 -1.000000  size  1.450000  0.300000  orientation 0.00
drill  0.000000
shape_offset  0.000000  0.000000
$EndPAD
$PAD "2"
Shape Roundrect Layer front
position -2.200000 -0.500000  size  1.450000  0.300000  orientation 0.00
drill  0.000000
shape_offset  0.000000  0.000000
$EndPAD
$PAD "3"
Shape Roundrect Layer front
position -2.200000  0.000000  size  1.450000  0.300000  orientation 0.00
drill  0.000000
shape_offset  0.000000  0.000000
$EndPAD
$PAD "4"
Shape Roundrect Layer front
position -2.200000  0.500000  size  1.450000  0.300000  orientation 0.00
drill  0.000000
shape_offset  0.000000  0.000000
$EndPAD
$PAD "5"
Shape Roundrect Layer front
position -2.200000  1.000000  size  1.450000  0.300000  orientation 0.00
drill  0.000000
shape_offset  0.000000  0.000000
$EndPAD
$PAD "6"
Shape Roundrect Layer front
position  2.200000  1.000000  size  1.450000  0.300000  orientation 0.00
drill  0.000000
shape_offset  0.000000  0.000000
$EndPAD
$PAD "7"
Shape Roundrect Layer front
position  2.200000  0.500000  size  1.450000  0.300000  orientation 0.00
drill  0.000000
shape_offset  0.000000  0.000000
$EndPAD
$PAD "8"
Shape Roundrect Layer front
position  2.200000  0.000000  size  1.450000  0.300000  orientation 0.00
drill  0.000000
shape_offset  0.000000  0.000000
$EndPAD
$PAD "9"
Shape Roundrect Layer front
position  2.200000 -0.500000  size  1.450000  0.300000  orientation 0.00
drill  0.000000
shape_offset  0.000000  0.000000
$EndPAD
$PAD "10"
Shape Roundrect Layer front
position  2.200000 -1.000000  size  1.450000  0.300000  orientation 0.00
drill  0.000000
shape_offset  0.000000  0.000000
$EndPAD
$EndMODULE  U7

$MODULE U8
footprint Package_SO:VSSOP-10_3x3mm_P0.5mm
attribut smd
position 83.200000 67.275000  orientation 180.00
layer front
$PAD "1"
Shape Roundrect Layer front
position -2.200000 -1.000000  size  1.450000  0.300000  orientation 0.00
drill  0.000000
shape_offset  0.000000  0.000000
$EndPAD
$PAD "2"
Shape Roundrect Layer front
position -2.200000 -0.500000  size  1.450000  0.300000  orientation 0.00
drill  0.000000
shape_offset  0.000000  0.000000
$EndPAD
$PAD "3"
Shape Roundrect Layer front
position -2.200000  0.000000  size  1.450000  0.300000  orientation 0.00
drill  0.000000
shape_offset  0.000000  0.000000
$EndPAD
$PAD "4"
Shape Roundrect Layer front
position -2.200000  0.500000  size  1.450000  0.300000  orientation 0.00
drill  0.000000
shape_offset  0.000000  0.000000
$EndPAD
$PAD "5"
Shape Roundrect Layer front
position -2.200000  1.000000  size  1.450000  0.300000  orientation 0.00
drill  0.000000
shape_offset  0.000000  0.000000
$EndPAD
$PAD "6"
Shape Roundrect Layer front
position  2.200000  1.000000  size  1.450000  0.300000  orientation 0.00
drill  0.000000
shape_offset  0.000000  0.000000
$EndPAD
$PAD "7"
Shape Roundrect Layer front
position  2.200000  0.500000  size  1.450000  0.300000  orientation 0.00
drill  0.000000
shape_offset  0.000000  0.000000
$EndPAD
$PAD "8"
Shape Roundrect Layer front
position  2.200000  0.000000  size  1.450000  0.300000  orientation 0.00
drill  0.000000
shape_offset  0.000000  0.000000
$EndPAD
$PAD "9"
Shape Roundrect Layer front
position  2.200000 -0.500000  size  1.450000  0.300000  orientation 0.00
drill  0.000000
shape_offset  0.000000  0.000000
$EndPAD
$PAD "10"
Shape Roundrect Layer front
position  2.200000 -1.000000  size  1.450000  0.300000  orientation 0.00
drill  0.000000
shape_offset  0.000000  0.000000
$EndPAD
$EndMODULE  U8

$MODULE U9
footprint Package_SO:TSSOP-20_4.4x6.5mm_P0.65mm
attribut smd
position 93.862500 87.775000  orientation 180.00
layer front
$PAD "1"
Shape Roundrect Layer front
position -2.862500 -2.925000  size  1.475000  0.400000  orientation 0.00
drill  0.000000
shape_offset  0.000000  0.000000
$EndPAD
$PAD "2"
Shape Roundrect Layer front
position -2.862500 -2.275000  size  1.475000  0.400000  orientation 0.00
drill  0.000000
shape_offset  0.000000  0.000000
$EndPAD
$PAD "3"
Shape Roundrect Layer front
position -2.862500 -1.625000  size  1.475000  0.400000  orientation 0.00
drill  0.000000
shape_offset  0.000000  0.000000
$EndPAD
$PAD "4"
Shape Roundrect Layer front
position -2.862500 -0.975000  size  1.475000  0.400000  orientation 0.00
drill  0.000000
shape_offset  0.000000  0.000000
$EndPAD
$PAD "5"
Shape Roundrect Layer front
position -2.862500 -0.325000  size  1.475000  0.400000  orientation 0.00
drill  0.000000
shape_offset  0.000000  0.000000
$EndPAD
$PAD "6"
Shape Roundrect Layer front
position -2.862500  0.325000  size  1.475000  0.400000  orientation 0.00
drill  0.000000
shape_offset  0.000000  0.000000
$EndPAD
$PAD "7"
Shape Roundrect Layer front
position -2.862500  0.975000  size  1.475000  0.400000  orientation 0.00
drill  0.000000
shape_offset  0.000000  0.000000
$EndPAD
$PAD "8"
Shape Roundrect Layer front
position -2.862500  1.625000  size  1.475000  0.400000  orientation 0.00
drill  0.000000
shape_offset  0.000000  0.000000
$EndPAD
$PAD "9"
Shape Roundrect Layer front
position -2.862500  2.275000  size  1.475000  0.400000  orientation 0.00
drill  0.000000
shape_offset  0.000000  0.000000
$EndPAD
$PAD "10"
Shape Roundrect Layer front
position -2.862500  2.925000  size  1.475000  0.400000  orientation 0.00
drill  0.000000
shape_offset  0.000000  0.000000
$EndPAD
$PAD "11"
Shape Roundrect Layer front
position  2.862500  2.925000  size  1.475000  0.400000  orientation 0.00
drill  0.000000
shape_offset  0.000000  0.000000
$EndPAD
$PAD "12"
Shape Roundrect Layer front
position  2.862500  2.275000  size  1.475000  0.400000  orientation 0.00
drill  0.000000
shape_offset  0.000000  0.000000
$EndPAD
$PAD "13"
Shape Roundrect Layer front
position  2.862500  1.625000  size  1.475000  0.400000  orientation 0.00
drill  0.000000
shape_offset  0.000000  0.000000
$EndPAD
$PAD "14"
Shape Roundrect Layer front
position  2.862500  0.975000  size  1.475000  0.400000  orientation 0.00
drill  0.000000
shape_offset  0.000000  0.000000
$EndPAD
$PAD "15"
Shape Roundrect Layer front
position  2.862500  0.325000  size  1.475000  0.400000  orientation 0.00
drill  0.000000
shape_offset  0.000000  0.000000
$EndPAD
$PAD "16"
Shape Roundrect Layer front
position  2.862500 -0.325000  size  1.475000  0.400000  orientation 0.00
drill  0.000000
shape_offset  0.000000  0.000000
$EndPAD
$PAD "17"
Shape Roundrect Layer front
position  2.862500 -0.975000  size  1.475000  0.400000  orientation 0.00
drill  0.000000
shape_offset  0.000000  0.000000
$EndPAD
$PAD "18"
Shape Roundrect Layer front
position  2.862500 -1.625000  size  1.475000  0.400000  orientation 0.00
drill  0.000000
shape_offset  0.000000  0.000000
$EndPAD
$PAD "19"
Shape Roundrect Layer front
position  2.862500 -2.275000  size  1.475000  0.400000  orientation 0.00
drill  0.000000
shape_offset  0.000000  0.000000
$EndPAD
$PAD "20"
Shape Roundrect Layer front
position  2.862500 -2.925000  size  1.475000  0.400000  orientation 0.00
drill  0.000000
shape_offset  0.000000  0.000000
$EndPAD
$EndMODULE  U9

$MODULE U10
footprint Package_SO:SOIC-8_5.3x5.3mm_P1.27mm
attribut smd
position 114.315000 70.262500  orientation -90.00
layer front
$PAD "1"
Shape Roundrect Layer front
position -3.587500 -1.905000  size  1.625000  0.650000  orientation 360.00
drill  0.000000
shape_offset  0.000000  0.000000
$EndPAD
$PAD "2"
Shape Roundrect Layer front
position -3.587500 -0.635000  size  1.625000  0.650000  orientation 360.00
drill  0.000000
shape_offset  0.000000  0.000000
$EndPAD
$PAD "3"
Shape Roundrect Layer front
position -3.587500  0.635000  size  1.625000  0.650000  orientation 360.00
drill  0.000000
shape_offset  0.000000  0.000000
$EndPAD
$PAD "4"
Shape Roundrect Layer front
position -3.587500  1.905000  size  1.625000  0.650000  orientation 360.00
drill  0.000000
shape_offset  0.000000  0.000000
$EndPAD
$PAD "5"
Shape Roundrect Layer front
position  3.587500  1.905000  size  1.625000  0.650000  orientation 360.00
drill  0.000000
shape_offset  0.000000  0.000000
$EndPAD
$PAD "6"
Shape Roundrect Layer front
position  3.587500  0.635000  size  1.625000  0.650000  orientation 360.00
drill  0.000000
shape_offset  0.000000  0.000000
$EndPAD
$PAD "7"
Shape Roundrect Layer front
position  3.587500 -0.635000  size  1.625000  0.650000  orientation 360.00
drill  0.000000
shape_offset  0.000000  0.000000
$EndPAD
$PAD "8"
Shape Roundrect Layer front
position  3.587500 -1.905000  size  1.625000  0.650000  orientation 360.00
drill  0.000000
shape_offset  0.000000  0.000000
$EndPAD
$EndMODULE  U10

$MODULE U11
footprint Package_TO_SOT_SMD:SOT-23-5
attribut smd
position 74.862500 60.050000  orientation 0.00
layer front
$PAD "1"
Shape Roundrect Layer front
position -1.137500 -0.950000  size  1.325000  0.600000  orientation 0.00
drill  0.000000
shape_offset  0.000000  0.000000
$EndPAD
$PAD "2"
Shape Roundrect Layer front
position -1.137500  0.000000  size  1.325000  0.600000  orientation 0.00
drill  0.000000
shape_offset  0.000000  0.000000
$EndPAD
$PAD "3"
Shape Roundrect Layer front
position -1.137500  0.950000  size  1.325000  0.600000  orientation 0.00
drill  0.000000
shape_offset  0.000000  0.000000
$EndPAD
$PAD "4"
Shape Roundrect Layer front
position  1.137500  0.950000  size  1.325000  0.600000  orientation 0.00
drill  0.000000
shape_offset  0.000000  0.000000
$EndPAD
$PAD "5"
Shape Roundrect Layer front
position  1.137500 -0.950000  size  1.325000  0.600000  orientation 0.00
drill  0.000000
shape_offset  0.000000  0.000000
$EndPAD
$EndMODULE  U11

$MODULE U12
footprint Package_TO_SOT_SMD:SOT-23-5
attribut smd
position 74.862500 64.675000  orientation 0.00
layer front
$PAD "1"
Shape Roundrect Layer front
position -1.137500 -0.950000  size  1.325000  0.600000  orientation 0.00
drill  0.000000
shape_offset  0.000000  0.000000
$EndPAD
$PAD "2"
Shape Roundrect Layer front
position -1.137500  0.000000  size  1.325000  0.600000  orientation 0.00
drill  0.000000
shape_offset  0.000000  0.000000
$EndPAD
$PAD "3"
Shape Roundrect Layer front
position -1.137500  0.950000  size  1.325000  0.600000  orientation 0.00
drill  0.000000
shape_offset  0.000000  0.000000
$EndPAD
$PAD "4"
Shape Roundrect Layer front
position  1.137500  0.950000  size  1.325000  0.600000  orientation 0.00
drill  0.000000
shape_offset  0.000000  0.000000
$EndPAD
$PAD "5"
Shape Roundrect Layer front
position  1.137500 -0.950000  size  1.325000  0.600000  orientation 0.00
drill  0.000000
shape_offset  0.000000  0.000000
$EndPAD
$EndMODULE  U12

$MODULE Y1
footprint imports:XTAL_ABM8-272-T3
attribut smd
position 92.442026 71.215388  orientation 180.00
layer front
$PAD "1"
Shape Rect Layer front
position -0.875000 -1.150000  size  1.050000  1.300000  orientation 0.00
drill  0.000000
shape_offset  0.000000  0.000000
$EndPAD
$PAD "2"
Shape Rect Layer front
position -0.875000  1.150000  size  1.050000  1.300000  orientation 0.00
drill  0.000000
shape_offset  0.000000  0.000000
$EndPAD
$PAD "3"
Shape Rect Layer front
position  0.875000  1.150000  size  1.050000  1.300000  orientation 0.00
drill  0.000000
shape_offset  0.000000  0.000000
$EndPAD
$PAD "4"
Shape Rect Layer front
position  0.875000 -1.150000  size  1.050000  1.300000  orientation 0.00
drill  0.000000
shape_offset  0.000000  0.000000
$EndPAD
$EndMODULE  Y1

$EndDESCRIPTION
